<?xml version="1.0" encoding="UTF-8"?>
<!-- Generated by org.testng.reporters.JUnitReportReporter -->
<testsuite skipped="0" hostname="ZSRIL-8XH1RV2" name="tests.ChapterOneTest" tests="1" failures="0" timestamp="2022-04-26T17:30:03 IST" time="4.270" errors="0">
  <testcase name="requestUSZipCodeBH" time="4.270" classname="tests.ChapterOneTest"/>
  <system-out/>
</testsuite> <!-- tests.ChapterOneTest -->
